{"level":"info","message":"rabbitmqUrl amqp://admin:admin123@localhost:5672"}
{"level":"info","message":["Request IP => ",null,null,null,null,{"authorization":""},null,null,null]}
{"level":"info","message":["Request IP => ",null,null,null,null,{"authorization":""},null,null,null]}
{"level":"info","message":["Request IP => ",null,null,null,null,{"authorization":""},null,null,null]}
{"level":"info","message":["Request IP => ",null,null,null,null,{"authorization":""},null,null,null]}
{"level":"info","message":["Request IP => ",null,null,null,null,{"authorization":""},null,null,null]}
{"level":"info","message":["Request IP => ",null,null,null,null,{"authorization":""},null,null,null]}
{"level":"info","message":["Request IP => ",null,null,null,null,{"authorization":""},null,null,null]}
{"level":"info","message":["Request IP => ",null,null,null,null,{"authorization":""},null,null,null]}
{"level":"info","message":["Request IP => ",null,null,null,null,{"authorization":""},null,null,null]}
{"level":"info","message":["Request IP => ",null,null,null,null,{"authorization":""},null,null,null]}
{"level":"info","message":["Request IP => ",null,null,null,null,{"authorization":""},null,null,null]}
{"level":"info","message":["Request IP => ",null,null,null,null,{"authorization":""},null,null,null]}
{"level":"info","message":["Request IP => ",null,null,null,null,{"authorization":""},null,null,null]}
{"level":"info","message":["Request IP => ",null,null,null,null,{"authorization":""},null,null,null]}
{"level":"info","message":["Request IP => ",null,null,null,null,{"authorization":""},null,null,null]}
{"level":"info","message":["Request IP => ",null,null,null,null,{"authorization":""},null,null,null]}
{"level":"info","message":["Request IP => ",null,null,null,null,{"authorization":""},null,null,null]}
{"level":"info","message":["Request IP => ",null,null,null,null,{"authorization":""},null,null,null]}
{"level":"info","message":["Request IP => ",null,null,null,null,{"authorization":""},null,null,null]}
{"level":"info","message":["Request IP => ",null,null,null,null,{"authorization":""},null,null,null]}
{"level":"info","message":["Request IP => ",null,null,null,null,{"authorization":""},null,null,null]}
{"level":"info","message":["Request IP => ",null,null,null,null,{"authorization":""},null,null,null]}
{"level":"info","message":["Request IP => ",null,null,null,null,{"authorization":""},null,null,null]}
{"level":"info","message":["Request IP => ",null,null,null,null,{"authorization":""},null,null,null]}
{"level":"info","message":["Request IP => ",null,null,null,null,{"authorization":""},null,null,null]}
{"level":"info","message":["Request IP => ",null,null,null,null,{"authorization":""},null,null,null]}
{"level":"info","message":["Request IP => ",null,null,null,null,{"authorization":""},null,null,null]}
{"level":"info","message":["Request IP => ",null,null,null,null,{"authorization":""},null,null,null]}
{"level":"info","message":["Request IP => ",null,null,null,null,{"authorization":""},null,null,null]}
{"level":"info","message":["Request IP => ",null,null,null,null,{"authorization":""},null,null,null]}
{"level":"info","message":["Request IP => ",null,null,null,null,{"authorization":""},null,null,null]}
{"level":"info","message":["Request IP => ",null,null,null,null,{"authorization":""},null,null,null]}
{"level":"info","message":["Request IP => ",null,null,null,null,{"authorization":""},null,null,null]}
{"level":"info","message":["Request IP => ",null,null,null,null,{"authorization":""},null,null,null]}
{"level":"info","message":["Request IP => ",null,null,null,null,{"authorization":""},null,null,null]}
{"level":"info","message":["Request IP => ",null,null,null,null,{"authorization":""},null,null,null]}
{"level":"info","message":["Request IP => ",null,null,null,null,{"authorization":""},null,null,null]}
{"level":"info","message":["Request IP => ",null,null,null,null,{"authorization":""},null,null,null]}
{"level":"info","message":["Request IP => ",null,null,null,null,{"authorization":""},null,null,null]}
{"level":"info","message":["Request IP => ",null,null,null,null,{"authorization":""},null,null,null]}
{"level":"info","message":["Request IP => ",null,null,null,null,{"authorization":""},null,null,null]}
{"level":"info","message":["Request IP => ",null,null,null,null,{"authorization":""},null,null,null]}
{"level":"info","message":["Request IP => ",null,null,null,null,{"authorization":""},null,null,null]}
{"level":"info","message":["Request IP => ",null,null,null,null,{"authorization":""},null,null,null]}
{"level":"info","message":["Request IP => ",null,null,null,null,{"authorization":""},null,null,null]}
{"level":"info","message":["Request IP => ",null,null,null,null,{"authorization":""},null,null,null]}
{"level":"info","message":["Request IP => ",null,null,null,null,{"authorization":""},null,null,null]}
{"level":"info","message":["Request IP => ",null,null,null,null,{"authorization":""},null,null,null]}
{"level":"info","message":["Request IP => ",null,null,null,null,{"authorization":""},null,null,null]}
{"level":"info","message":["Request IP => ",null,null,null,null,{"authorization":""},null,null,null]}
{"level":"info","message":["Request IP => ",null,null,null,null,{"authorization":""},null,null,null]}
{"level":"info","message":["Request IP => ",null,null,null,null,{"authorization":""},null,null,null]}
{"level":"info","message":["Request IP => ",null,null,null,null,{"authorization":""},null,null,null]}
{"level":"info","message":["Request IP => ",null,null,null,null,{"authorization":""},null,null,null]}
{"level":"info","message":["Request IP => ",null,null,null,null,{"authorization":""},null,null,null]}
{"level":"info","message":["Request IP => ",null,null,null,null,{"authorization":""},null,null,null]}
{"level":"info","message":["Request IP => ",null,null,null,null,{"authorization":""},null,null,null]}
{"level":"info","message":["Request IP => ",null,null,null,null,{"authorization":""},null,null,null]}
{"level":"info","message":["Request IP => ",null,null,null,null,{"authorization":""},null,null,null]}
{"level":"info","message":["Request IP => ",null,null,null,null,{"authorization":""},null,null,null]}
{"level":"info","message":["Request IP => ",null,null,null,null,{"authorization":""},null,null,null]}
{"level":"info","message":["Request IP => ",null,null,null,null,{"authorization":""},null,null,null]}
{"level":"info","message":["Request IP => ",null,null,null,null,{"authorization":""},null,null,null]}
{"level":"info","message":["Request IP => ",null,null,null,null,{"authorization":""},null,null,null]}
{"level":"info","message":["Request IP => ",null,null,null,null,{"authorization":""},null,null,null]}
{"level":"info","message":["Request IP => ",null,null,null,null,{"authorization":""},null,null,null]}
{"level":"info","message":["Request IP => ",null,null,null,null,{"authorization":""},null,null,null]}
{"level":"info","message":["Request IP => ",null,null,null,null,{"authorization":""},null,null,null]}
{"level":"info","message":["Request IP => ",null,null,null,null,{"authorization":""},null,null,null]}
{"level":"info","message":["Request IP => ",null,null,null,null,{"authorization":""},null,null,null]}
{"level":"info","message":["Request IP => ",null,null,null,null,{"authorization":""},null,null,null]}
{"level":"info","message":["Request IP => ",null,null,null,null,{"authorization":""},null,null,null]}
{"level":"info","message":["Request IP => ",null,null,null,null,{"authorization":""},null,null,null]}
{"level":"info","message":["Request IP => ",null,null,null,null,{"authorization":""},null,null,null]}
{"level":"info","message":["Request IP => ",null,null,null,null,{"authorization":""},null,null,null]}
{"level":"info","message":["Request IP => ",null,null,null,null,{"authorization":""},null,null,null]}
{"level":"info","message":["Request IP => ",null,null,null,null,{"authorization":""},null,null,null]}
{"level":"info","message":["Request IP => ",null,null,null,null,{"authorization":""},null,null,null]}
{"level":"info","message":["Request IP => ",null,null,null,null,{"authorization":""},null,null,null]}
{"level":"info","message":["Request IP => ",null,null,null,null,{"authorization":""},null,null,null]}
{"level":"info","message":["Request IP => ",null,null,null,null,{"authorization":""},null,null,null]}
{"level":"info","message":["Request IP => ",null,null,null,null,{"authorization":""},null,null,null]}
{"level":"info","message":["Request IP => ",null,null,null,null,{"authorization":""},null,null,null]}
{"level":"info","message":["Request IP => ",null,null,null,null,{"authorization":""},null,null,null]}
{"level":"info","message":["Request IP => ",null,null,null,null,{"authorization":""},null,null,null]}
{"level":"info","message":["Request IP => ",null,null,null,null,{"authorization":""},null,null,null]}
{"level":"info","message":["Request IP => ",null,null,null,null,{"authorization":""},null,null,null]}
{"level":"info","message":["Request IP => ",null,null,null,null,{"authorization":""},null,null,null]}
{"level":"info","message":["Request IP => ",null,null,null,null,{"authorization":""},null,null,null]}
{"level":"info","message":["Request IP => ",null,null,null,null,{"authorization":""},null,null,null]}
{"level":"info","message":["Request IP => ",null,null,null,null,{"authorization":""},null,null,null]}
{"level":"info","message":["Request IP => ",null,null,null,null,{"authorization":""},null,null,null]}
{"level":"info","message":["Request IP => ",null,null,null,null,{"authorization":""},null,null,null]}
{"level":"info","message":["Request IP => ",null,null,null,null,{"authorization":""},null,null,null]}
{"level":"info","message":["Request IP => ",null,null,null,null,{"authorization":""},null,null,null]}
{"level":"info","message":["Request IP => ",null,null,null,null,{"authorization":""},null,null,null]}
{"level":"info","message":["Request IP => ",null,null,null,null,{"authorization":""},null,null,null]}
{"level":"info","message":["Request IP => ",null,null,null,null,{"authorization":""},null,null,null]}
{"level":"info","message":["Request IP => ",null,null,null,null,{"authorization":""},null,null,null]}
{"level":"info","message":["Request IP => ",null,null,null,null,{"authorization":""},null,null,null]}
{"level":"info","message":["Request IP => ",null,null,null,null,{"authorization":""},null,null,null]}
{"level":"info","message":["Request IP => ",null,null,null,null,{"authorization":""},null,null,null]}
{"level":"info","message":["Request IP => ",null,null,null,null,{"authorization":""},null,null,null]}
{"level":"info","message":["Request IP => ",null,null,null,null,{"authorization":""},null,null,null]}
{"level":"info","message":"Socket initializing [object Object]"}
{"level":"info","message":"Listenign on port 7001"}
{"level":"warn","message":"Fetching settings from database"}
{"level":"info","message":"MT5 server 198.244.201.65 with login 2023 connected"}
{"level":"info","message":"MT5 server 198.244.201.65 with login 2023 connected"}
{"level":"info","message":"MySQL Connection has been established successfully."}
{"level":"info","message":[" [*] Waiting for messages in %s. To exit press CTRL+C"]}
{"level":"info","message":[" [*] Waiting for messages in %s. To exit press CTRL+C"]}
{"level":"info","message":[" [*] Waiting for messages in %s. To exit press CTRL+C"]}
{"level":"info","message":[" [*] Waiting for messages in %s. To exit press CTRL+C"]}
{"level":"info","message":[" [*] Waiting for messages in %s. To exit press CTRL+C"]}
{"level":"info","message":["newone-open-deals-queue [*] Waiting to push messages in queue"]}
{"level":"info","message":["newone-close-deals-queue [*] Waiting to push messages in queue"]}
{"level":"info","message":"Connected to MongoDB..."}
{"level":"info","message":["marketact-deals-queue [*] Waiting to push messages in queue"]}
{"level":"info","message":"smtp transporter set"}
{"level":"info","message":["Request IP => ",null,{},{},{},{"accept":"application/json, text/plain, */*","accept-encoding":"gzip, br","accept-language":"en-EG,en;q=0.9,ar-EG;q=0.8,ar;q=0.7,en-US;q=0.6","authorization":"Bearer eyJhbGciOiJIUzI1NiIsInR5cCI6IkpXVCJ9.eyJfaWQiOiI2ODJiMDUxMDc1M2M0YWQ1OTFiY2MzZDAiLCJlbWFpbCI6ImFkbWluQGFkbWluLmNvbSIsImlhdCI6MTc1OTc1MDEzOSwiZXhwIjoxNzU5NzkzMzM5fQ.EDv2aYiHP7HhBHpWokR8WG-CSnZrIqfQyKFJtMvyvHo","cdn-loop":"cloudflare; loops=1","cf-connecting-ip":"156.215.184.43","cf-ipcountry":"EG","cf-ray":"98ee95e5ff85d0f5-MRS","cf-visitor":"{\"scheme\":\"https\"}","connection":"upgrade","host":"gowize-crm-uat.exiniti.com","priority":"u=1, i","referer":"https://gowize-crm-uat.exiniti.com/dashboard","sec-ch-ua":"\"Google Chrome\";v=\"141\", \"Not?A_Brand\";v=\"8\", \"Chromium\";v=\"141\"","sec-ch-ua-mobile":"?0","sec-ch-ua-platform":"\"Windows\"","sec-fetch-dest":"empty","sec-fetch-mode":"cors","sec-fetch-site":"same-origin","user-agent":"Mozilla/5.0 (Windows NT 10.0; Win64; x64) AppleWebKit/537.36 (KHTML, like Gecko) Chrome/141.0.0.0 Safari/537.36","x-forwarded-for":"156.215.184.43","x-forwarded-proto":"https"},"/profile","GET","/profile"]}
{"level":"error","message":"CustomError: Access denied, Invalid Token Provided\n    at module.exports.authMiddleware (/home/ubuntu/Gowize-qa-pipline/backend-api/src/shared/middlewares/crm-mw.js:42:17)\n    at Layer.handle [as handle_request] (/home/ubuntu/Gowize-qa-pipline/backend-api/node_modules/express/lib/router/layer.js:95:5)\n    at trim_prefix (/home/ubuntu/Gowize-qa-pipline/backend-api/node_modules/express/lib/router/index.js:328:13)\n    at /home/ubuntu/Gowize-qa-pipline/backend-api/node_modules/express/lib/router/index.js:286:9\n    at Function.process_params (/home/ubuntu/Gowize-qa-pipline/backend-api/node_modules/express/lib/router/index.js:346:12)\n    at next (/home/ubuntu/Gowize-qa-pipline/backend-api/node_modules/express/lib/router/index.js:280:10)\n    at Function.handle (/home/ubuntu/Gowize-qa-pipline/backend-api/node_modules/express/lib/router/index.js:175:3)\n    at router (/home/ubuntu/Gowize-qa-pipline/backend-api/node_modules/express/lib/router/index.js:47:12)\n    at Layer.handle [as handle_request] (/home/ubuntu/Gowize-qa-pipline/backend-api/node_modules/express/lib/router/layer.js:95:5)\n    at trim_prefix (/home/ubuntu/Gowize-qa-pipline/backend-api/node_modules/express/lib/router/index.js:328:13)\n    at /home/ubuntu/Gowize-qa-pipline/backend-api/node_modules/express/lib/router/index.js:286:9\n    at Function.process_params (/home/ubuntu/Gowize-qa-pipline/backend-api/node_modules/express/lib/router/index.js:346:12)\n    at next (/home/ubuntu/Gowize-qa-pipline/backend-api/node_modules/express/lib/router/index.js:280:10)\n    at Function.handle (/home/ubuntu/Gowize-qa-pipline/backend-api/node_modules/express/lib/router/index.js:175:3)\n    at router (/home/ubuntu/Gowize-qa-pipline/backend-api/node_modules/express/lib/router/index.js:47:12)\n    at Layer.handle [as handle_request] (/home/ubuntu/Gowize-qa-pipline/backend-api/node_modules/express/lib/router/layer.js:95:5)\n    at trim_prefix (/home/ubuntu/Gowize-qa-pipline/backend-api/node_modules/express/lib/router/index.js:328:13)\n    at /home/ubuntu/Gowize-qa-pipline/backend-api/node_modules/express/lib/router/index.js:286:9\n    at Function.process_params (/home/ubuntu/Gowize-qa-pipline/backend-api/node_modules/express/lib/router/index.js:346:12)\n    at next (/home/ubuntu/Gowize-qa-pipline/backend-api/node_modules/express/lib/router/index.js:280:10)\n    at cors (/home/ubuntu/Gowize-qa-pipline/backend-api/node_modules/cors/lib/index.js:188:7)\n    at /home/ubuntu/Gowize-qa-pipline/backend-api/node_modules/cors/lib/index.js:224:17"}
{"level":"info","message":["Request IP => ",null,{},{},{},{"accept":"application/json, text/plain, */*","accept-encoding":"gzip, br","accept-language":"en-EG,en;q=0.9,ar-EG;q=0.8,ar;q=0.7,en-US;q=0.6","authorization":"Bearer eyJhbGciOiJIUzI1NiIsInR5cCI6IkpXVCJ9.eyJfaWQiOiI2ODJiMDUxMDc1M2M0YWQ1OTFiY2MzZDAiLCJlbWFpbCI6ImFkbWluQGFkbWluLmNvbSIsImlhdCI6MTc1OTc1MDEzOSwiZXhwIjoxNzU5NzkzMzM5fQ.EDv2aYiHP7HhBHpWokR8WG-CSnZrIqfQyKFJtMvyvHo","cdn-loop":"cloudflare; loops=1","cf-connecting-ip":"156.215.184.43","cf-ipcountry":"EG","cf-ray":"98ee95e5ff84d0f5-MRS","cf-visitor":"{\"scheme\":\"https\"}","connection":"upgrade","host":"gowize-crm-uat.exiniti.com","priority":"u=1, i","referer":"https://gowize-crm-uat.exiniti.com/dashboard","sec-ch-ua":"\"Google Chrome\";v=\"141\", \"Not?A_Brand\";v=\"8\", \"Chromium\";v=\"141\"","sec-ch-ua-mobile":"?0","sec-ch-ua-platform":"\"Windows\"","sec-fetch-dest":"empty","sec-fetch-mode":"cors","sec-fetch-site":"same-origin","user-agent":"Mozilla/5.0 (Windows NT 10.0; Win64; x64) AppleWebKit/537.36 (KHTML, like Gecko) Chrome/141.0.0.0 Safari/537.36","x-forwarded-for":"156.215.184.43","x-forwarded-proto":"https"},"/","GET","/"]}
{"level":"error","message":"CustomError: Access denied, Invalid Token Provided\n    at module.exports.authMiddleware (/home/ubuntu/Gowize-qa-pipline/backend-api/src/shared/middlewares/crm-mw.js:42:17)\n    at Layer.handle [as handle_request] (/home/ubuntu/Gowize-qa-pipline/backend-api/node_modules/express/lib/router/layer.js:95:5)\n    at trim_prefix (/home/ubuntu/Gowize-qa-pipline/backend-api/node_modules/express/lib/router/index.js:328:13)\n    at /home/ubuntu/Gowize-qa-pipline/backend-api/node_modules/express/lib/router/index.js:286:9\n    at Function.process_params (/home/ubuntu/Gowize-qa-pipline/backend-api/node_modules/express/lib/router/index.js:346:12)\n    at next (/home/ubuntu/Gowize-qa-pipline/backend-api/node_modules/express/lib/router/index.js:280:10)\n    at Function.handle (/home/ubuntu/Gowize-qa-pipline/backend-api/node_modules/express/lib/router/index.js:175:3)\n    at router (/home/ubuntu/Gowize-qa-pipline/backend-api/node_modules/express/lib/router/index.js:47:12)\n    at Layer.handle [as handle_request] (/home/ubuntu/Gowize-qa-pipline/backend-api/node_modules/express/lib/router/layer.js:95:5)\n    at trim_prefix (/home/ubuntu/Gowize-qa-pipline/backend-api/node_modules/express/lib/router/index.js:328:13)\n    at /home/ubuntu/Gowize-qa-pipline/backend-api/node_modules/express/lib/router/index.js:286:9\n    at Function.process_params (/home/ubuntu/Gowize-qa-pipline/backend-api/node_modules/express/lib/router/index.js:346:12)\n    at next (/home/ubuntu/Gowize-qa-pipline/backend-api/node_modules/express/lib/router/index.js:280:10)\n    at Function.handle (/home/ubuntu/Gowize-qa-pipline/backend-api/node_modules/express/lib/router/index.js:175:3)\n    at router (/home/ubuntu/Gowize-qa-pipline/backend-api/node_modules/express/lib/router/index.js:47:12)\n    at Layer.handle [as handle_request] (/home/ubuntu/Gowize-qa-pipline/backend-api/node_modules/express/lib/router/layer.js:95:5)\n    at trim_prefix (/home/ubuntu/Gowize-qa-pipline/backend-api/node_modules/express/lib/router/index.js:328:13)\n    at /home/ubuntu/Gowize-qa-pipline/backend-api/node_modules/express/lib/router/index.js:286:9\n    at Function.process_params (/home/ubuntu/Gowize-qa-pipline/backend-api/node_modules/express/lib/router/index.js:346:12)\n    at next (/home/ubuntu/Gowize-qa-pipline/backend-api/node_modules/express/lib/router/index.js:280:10)\n    at cors (/home/ubuntu/Gowize-qa-pipline/backend-api/node_modules/cors/lib/index.js:188:7)\n    at /home/ubuntu/Gowize-qa-pipline/backend-api/node_modules/cors/lib/index.js:224:17"}
{"level":"info","message":["Request IP => ",null,{},{},{},{"accept":"application/json, text/plain, */*","accept-encoding":"gzip, br","accept-language":"en-EG,en;q=0.9,ar-EG;q=0.8,ar;q=0.7,en-US;q=0.6","authorization":"Bearer eyJhbGciOiJIUzI1NiIsInR5cCI6IkpXVCJ9.eyJfaWQiOiI2ODJiMDUxMDc1M2M0YWQ1OTFiY2MzZDAiLCJlbWFpbCI6ImFkbWluQGFkbWluLmNvbSIsImlhdCI6MTc1OTc1MDEzOSwiZXhwIjoxNzU5NzkzMzM5fQ.EDv2aYiHP7HhBHpWokR8WG-CSnZrIqfQyKFJtMvyvHo","cdn-loop":"cloudflare; loops=1","cf-connecting-ip":"156.215.184.43","cf-ipcountry":"EG","cf-ray":"98ee95e5ff89d0f5-MRS","cf-visitor":"{\"scheme\":\"https\"}","connection":"upgrade","host":"gowize-crm-uat.exiniti.com","priority":"u=1, i","referer":"https://gowize-crm-uat.exiniti.com/dashboard","sec-ch-ua":"\"Google Chrome\";v=\"141\", \"Not?A_Brand\";v=\"8\", \"Chromium\";v=\"141\"","sec-ch-ua-mobile":"?0","sec-ch-ua-platform":"\"Windows\"","sec-fetch-dest":"empty","sec-fetch-mode":"cors","sec-fetch-site":"same-origin","user-agent":"Mozilla/5.0 (Windows NT 10.0; Win64; x64) AppleWebKit/537.36 (KHTML, like Gecko) Chrome/141.0.0.0 Safari/537.36","x-forwarded-for":"156.215.184.43","x-forwarded-proto":"https"},"/account-types?","GET","/account-types"]}
{"level":"error","message":"CustomError: Access denied, Invalid Token Provided\n    at module.exports.authMiddleware (/home/ubuntu/Gowize-qa-pipline/backend-api/src/shared/middlewares/crm-mw.js:42:17)\n    at Layer.handle [as handle_request] (/home/ubuntu/Gowize-qa-pipline/backend-api/node_modules/express/lib/router/layer.js:95:5)\n    at trim_prefix (/home/ubuntu/Gowize-qa-pipline/backend-api/node_modules/express/lib/router/index.js:328:13)\n    at /home/ubuntu/Gowize-qa-pipline/backend-api/node_modules/express/lib/router/index.js:286:9\n    at Function.process_params (/home/ubuntu/Gowize-qa-pipline/backend-api/node_modules/express/lib/router/index.js:346:12)\n    at next (/home/ubuntu/Gowize-qa-pipline/backend-api/node_modules/express/lib/router/index.js:280:10)\n    at Function.handle (/home/ubuntu/Gowize-qa-pipline/backend-api/node_modules/express/lib/router/index.js:175:3)\n    at router (/home/ubuntu/Gowize-qa-pipline/backend-api/node_modules/express/lib/router/index.js:47:12)\n    at Layer.handle [as handle_request] (/home/ubuntu/Gowize-qa-pipline/backend-api/node_modules/express/lib/router/layer.js:95:5)\n    at trim_prefix (/home/ubuntu/Gowize-qa-pipline/backend-api/node_modules/express/lib/router/index.js:328:13)\n    at /home/ubuntu/Gowize-qa-pipline/backend-api/node_modules/express/lib/router/index.js:286:9\n    at Function.process_params (/home/ubuntu/Gowize-qa-pipline/backend-api/node_modules/express/lib/router/index.js:346:12)\n    at next (/home/ubuntu/Gowize-qa-pipline/backend-api/node_modules/express/lib/router/index.js:280:10)\n    at Function.handle (/home/ubuntu/Gowize-qa-pipline/backend-api/node_modules/express/lib/router/index.js:175:3)\n    at router (/home/ubuntu/Gowize-qa-pipline/backend-api/node_modules/express/lib/router/index.js:47:12)\n    at Layer.handle [as handle_request] (/home/ubuntu/Gowize-qa-pipline/backend-api/node_modules/express/lib/router/layer.js:95:5)\n    at trim_prefix (/home/ubuntu/Gowize-qa-pipline/backend-api/node_modules/express/lib/router/index.js:328:13)\n    at /home/ubuntu/Gowize-qa-pipline/backend-api/node_modules/express/lib/router/index.js:286:9\n    at Function.process_params (/home/ubuntu/Gowize-qa-pipline/backend-api/node_modules/express/lib/router/index.js:346:12)\n    at next (/home/ubuntu/Gowize-qa-pipline/backend-api/node_modules/express/lib/router/index.js:280:10)\n    at cors (/home/ubuntu/Gowize-qa-pipline/backend-api/node_modules/cors/lib/index.js:188:7)\n    at /home/ubuntu/Gowize-qa-pipline/backend-api/node_modules/cors/lib/index.js:224:17"}
{"level":"info","message":["Request IP => ",null,{},{},{"limit":"7","page":"1","type":"0"},{"accept":"application/json, text/plain, */*","accept-encoding":"gzip, br","accept-language":"en-EG,en;q=0.9,ar-EG;q=0.8,ar;q=0.7,en-US;q=0.6","authorization":"Bearer eyJhbGciOiJIUzI1NiIsInR5cCI6IkpXVCJ9.eyJfaWQiOiI2ODJiMDUxMDc1M2M0YWQ1OTFiY2MzZDAiLCJlbWFpbCI6ImFkbWluQGFkbWluLmNvbSIsImlhdCI6MTc1OTc1MDEzOSwiZXhwIjoxNzU5NzkzMzM5fQ.EDv2aYiHP7HhBHpWokR8WG-CSnZrIqfQyKFJtMvyvHo","cdn-loop":"cloudflare; loops=1","cf-connecting-ip":"156.215.184.43","cf-ipcountry":"EG","cf-ray":"98ee95e61f8bd0f5-MRS","cf-visitor":"{\"scheme\":\"https\"}","connection":"upgrade","host":"gowize-crm-uat.exiniti.com","priority":"u=1, i","referer":"https://gowize-crm-uat.exiniti.com/dashboard","sec-ch-ua":"\"Google Chrome\";v=\"141\", \"Not?A_Brand\";v=\"8\", \"Chromium\";v=\"141\"","sec-ch-ua-mobile":"?0","sec-ch-ua-platform":"\"Windows\"","sec-fetch-dest":"empty","sec-fetch-mode":"cors","sec-fetch-site":"same-origin","user-agent":"Mozilla/5.0 (Windows NT 10.0; Win64; x64) AppleWebKit/537.36 (KHTML, like Gecko) Chrome/141.0.0.0 Safari/537.36","x-forwarded-for":"156.215.184.43","x-forwarded-proto":"https"},"/?page=1&limit=7&type=0","GET","/"]}
{"level":"error","message":"CustomError: Access denied, Invalid Token Provided\n    at module.exports.authMiddleware (/home/ubuntu/Gowize-qa-pipline/backend-api/src/shared/middlewares/crm-mw.js:42:17)\n    at Layer.handle [as handle_request] (/home/ubuntu/Gowize-qa-pipline/backend-api/node_modules/express/lib/router/layer.js:95:5)\n    at trim_prefix (/home/ubuntu/Gowize-qa-pipline/backend-api/node_modules/express/lib/router/index.js:328:13)\n    at /home/ubuntu/Gowize-qa-pipline/backend-api/node_modules/express/lib/router/index.js:286:9\n    at Function.process_params (/home/ubuntu/Gowize-qa-pipline/backend-api/node_modules/express/lib/router/index.js:346:12)\n    at next (/home/ubuntu/Gowize-qa-pipline/backend-api/node_modules/express/lib/router/index.js:280:10)\n    at Function.handle (/home/ubuntu/Gowize-qa-pipline/backend-api/node_modules/express/lib/router/index.js:175:3)\n    at router (/home/ubuntu/Gowize-qa-pipline/backend-api/node_modules/express/lib/router/index.js:47:12)\n    at Layer.handle [as handle_request] (/home/ubuntu/Gowize-qa-pipline/backend-api/node_modules/express/lib/router/layer.js:95:5)\n    at trim_prefix (/home/ubuntu/Gowize-qa-pipline/backend-api/node_modules/express/lib/router/index.js:328:13)\n    at /home/ubuntu/Gowize-qa-pipline/backend-api/node_modules/express/lib/router/index.js:286:9\n    at Function.process_params (/home/ubuntu/Gowize-qa-pipline/backend-api/node_modules/express/lib/router/index.js:346:12)\n    at next (/home/ubuntu/Gowize-qa-pipline/backend-api/node_modules/express/lib/router/index.js:280:10)\n    at Function.handle (/home/ubuntu/Gowize-qa-pipline/backend-api/node_modules/express/lib/router/index.js:175:3)\n    at router (/home/ubuntu/Gowize-qa-pipline/backend-api/node_modules/express/lib/router/index.js:47:12)\n    at Layer.handle [as handle_request] (/home/ubuntu/Gowize-qa-pipline/backend-api/node_modules/express/lib/router/layer.js:95:5)\n    at trim_prefix (/home/ubuntu/Gowize-qa-pipline/backend-api/node_modules/express/lib/router/index.js:328:13)\n    at /home/ubuntu/Gowize-qa-pipline/backend-api/node_modules/express/lib/router/index.js:286:9\n    at Function.process_params (/home/ubuntu/Gowize-qa-pipline/backend-api/node_modules/express/lib/router/index.js:346:12)\n    at next (/home/ubuntu/Gowize-qa-pipline/backend-api/node_modules/express/lib/router/index.js:280:10)\n    at cors (/home/ubuntu/Gowize-qa-pipline/backend-api/node_modules/cors/lib/index.js:188:7)\n    at /home/ubuntu/Gowize-qa-pipline/backend-api/node_modules/cors/lib/index.js:224:17"}
{"level":"info","message":["Request IP => ",null,{},{},{},{"accept":"application/json, text/plain, */*","accept-encoding":"gzip, br","accept-language":"en-EG,en;q=0.9,ar-EG;q=0.8,ar;q=0.7,en-US;q=0.6","authorization":"Bearer eyJhbGciOiJIUzI1NiIsInR5cCI6IkpXVCJ9.eyJfaWQiOiI2ODJiMDUxMDc1M2M0YWQ1OTFiY2MzZDAiLCJlbWFpbCI6ImFkbWluQGFkbWluLmNvbSIsImlhdCI6MTc1OTc1MDEzOSwiZXhwIjoxNzU5NzkzMzM5fQ.EDv2aYiHP7HhBHpWokR8WG-CSnZrIqfQyKFJtMvyvHo","cdn-loop":"cloudflare; loops=1","cf-connecting-ip":"156.215.184.43","cf-ipcountry":"EG","cf-ray":"98ee95e62f8dd0f5-MRS","cf-visitor":"{\"scheme\":\"https\"}","connection":"upgrade","host":"gowize-crm-uat.exiniti.com","priority":"u=1, i","referer":"https://gowize-crm-uat.exiniti.com/dashboard","sec-ch-ua":"\"Google Chrome\";v=\"141\", \"Not?A_Brand\";v=\"8\", \"Chromium\";v=\"141\"","sec-ch-ua-mobile":"?0","sec-ch-ua-platform":"\"Windows\"","sec-fetch-dest":"empty","sec-fetch-mode":"cors","sec-fetch-site":"same-origin","user-agent":"Mozilla/5.0 (Windows NT 10.0; Win64; x64) AppleWebKit/537.36 (KHTML, like Gecko) Chrome/141.0.0.0 Safari/537.36","x-forwarded-for":"156.215.184.43","x-forwarded-proto":"https"},"/stats/customers-countries?","GET","/stats/customers-countries"]}
{"level":"error","message":"CustomError: Access denied, Invalid Token Provided\n    at module.exports.authMiddleware (/home/ubuntu/Gowize-qa-pipline/backend-api/src/shared/middlewares/crm-mw.js:42:17)\n    at Layer.handle [as handle_request] (/home/ubuntu/Gowize-qa-pipline/backend-api/node_modules/express/lib/router/layer.js:95:5)\n    at trim_prefix (/home/ubuntu/Gowize-qa-pipline/backend-api/node_modules/express/lib/router/index.js:328:13)\n    at /home/ubuntu/Gowize-qa-pipline/backend-api/node_modules/express/lib/router/index.js:286:9\n    at Function.process_params (/home/ubuntu/Gowize-qa-pipline/backend-api/node_modules/express/lib/router/index.js:346:12)\n    at next (/home/ubuntu/Gowize-qa-pipline/backend-api/node_modules/express/lib/router/index.js:280:10)\n    at Function.handle (/home/ubuntu/Gowize-qa-pipline/backend-api/node_modules/express/lib/router/index.js:175:3)\n    at router (/home/ubuntu/Gowize-qa-pipline/backend-api/node_modules/express/lib/router/index.js:47:12)\n    at Layer.handle [as handle_request] (/home/ubuntu/Gowize-qa-pipline/backend-api/node_modules/express/lib/router/layer.js:95:5)\n    at trim_prefix (/home/ubuntu/Gowize-qa-pipline/backend-api/node_modules/express/lib/router/index.js:328:13)\n    at /home/ubuntu/Gowize-qa-pipline/backend-api/node_modules/express/lib/router/index.js:286:9\n    at Function.process_params (/home/ubuntu/Gowize-qa-pipline/backend-api/node_modules/express/lib/router/index.js:346:12)\n    at next (/home/ubuntu/Gowize-qa-pipline/backend-api/node_modules/express/lib/router/index.js:280:10)\n    at Function.handle (/home/ubuntu/Gowize-qa-pipline/backend-api/node_modules/express/lib/router/index.js:175:3)\n    at router (/home/ubuntu/Gowize-qa-pipline/backend-api/node_modules/express/lib/router/index.js:47:12)\n    at Layer.handle [as handle_request] (/home/ubuntu/Gowize-qa-pipline/backend-api/node_modules/express/lib/router/layer.js:95:5)\n    at trim_prefix (/home/ubuntu/Gowize-qa-pipline/backend-api/node_modules/express/lib/router/index.js:328:13)\n    at /home/ubuntu/Gowize-qa-pipline/backend-api/node_modules/express/lib/router/index.js:286:9\n    at Function.process_params (/home/ubuntu/Gowize-qa-pipline/backend-api/node_modules/express/lib/router/index.js:346:12)\n    at next (/home/ubuntu/Gowize-qa-pipline/backend-api/node_modules/express/lib/router/index.js:280:10)\n    at cors (/home/ubuntu/Gowize-qa-pipline/backend-api/node_modules/cors/lib/index.js:188:7)\n    at /home/ubuntu/Gowize-qa-pipline/backend-api/node_modules/cors/lib/index.js:224:17"}
{"level":"info","message":["Request IP => ",null,{},{},{"limit":"5","page":"1","type":"1"},{"accept":"application/json, text/plain, */*","accept-encoding":"gzip, br","accept-language":"en-EG,en;q=0.9,ar-EG;q=0.8,ar;q=0.7,en-US;q=0.6","authorization":"Bearer eyJhbGciOiJIUzI1NiIsInR5cCI6IkpXVCJ9.eyJfaWQiOiI2ODJiMDUxMDc1M2M0YWQ1OTFiY2MzZDAiLCJlbWFpbCI6ImFkbWluQGFkbWluLmNvbSIsImlhdCI6MTc1OTc1MDEzOSwiZXhwIjoxNzU5NzkzMzM5fQ.EDv2aYiHP7HhBHpWokR8WG-CSnZrIqfQyKFJtMvyvHo","cdn-loop":"cloudflare; loops=1","cf-connecting-ip":"156.215.184.43","cf-ipcountry":"EG","cf-ray":"98ee95e62f8cd0f5-MRS","cf-visitor":"{\"scheme\":\"https\"}","connection":"upgrade","host":"gowize-crm-uat.exiniti.com","priority":"u=1, i","referer":"https://gowize-crm-uat.exiniti.com/dashboard","sec-ch-ua":"\"Google Chrome\";v=\"141\", \"Not?A_Brand\";v=\"8\", \"Chromium\";v=\"141\"","sec-ch-ua-mobile":"?0","sec-ch-ua-platform":"\"Windows\"","sec-fetch-dest":"empty","sec-fetch-mode":"cors","sec-fetch-site":"same-origin","user-agent":"Mozilla/5.0 (Windows NT 10.0; Win64; x64) AppleWebKit/537.36 (KHTML, like Gecko) Chrome/141.0.0.0 Safari/537.36","x-forwarded-for":"156.215.184.43","x-forwarded-proto":"https"},"/?page=1&limit=5&type=1","GET","/"]}
{"level":"error","message":"CustomError: Access denied, Invalid Token Provided\n    at module.exports.authMiddleware (/home/ubuntu/Gowize-qa-pipline/backend-api/src/shared/middlewares/crm-mw.js:42:17)\n    at Layer.handle [as handle_request] (/home/ubuntu/Gowize-qa-pipline/backend-api/node_modules/express/lib/router/layer.js:95:5)\n    at trim_prefix (/home/ubuntu/Gowize-qa-pipline/backend-api/node_modules/express/lib/router/index.js:328:13)\n    at /home/ubuntu/Gowize-qa-pipline/backend-api/node_modules/express/lib/router/index.js:286:9\n    at Function.process_params (/home/ubuntu/Gowize-qa-pipline/backend-api/node_modules/express/lib/router/index.js:346:12)\n    at next (/home/ubuntu/Gowize-qa-pipline/backend-api/node_modules/express/lib/router/index.js:280:10)\n    at Function.handle (/home/ubuntu/Gowize-qa-pipline/backend-api/node_modules/express/lib/router/index.js:175:3)\n    at router (/home/ubuntu/Gowize-qa-pipline/backend-api/node_modules/express/lib/router/index.js:47:12)\n    at Layer.handle [as handle_request] (/home/ubuntu/Gowize-qa-pipline/backend-api/node_modules/express/lib/router/layer.js:95:5)\n    at trim_prefix (/home/ubuntu/Gowize-qa-pipline/backend-api/node_modules/express/lib/router/index.js:328:13)\n    at /home/ubuntu/Gowize-qa-pipline/backend-api/node_modules/express/lib/router/index.js:286:9\n    at Function.process_params (/home/ubuntu/Gowize-qa-pipline/backend-api/node_modules/express/lib/router/index.js:346:12)\n    at next (/home/ubuntu/Gowize-qa-pipline/backend-api/node_modules/express/lib/router/index.js:280:10)\n    at Function.handle (/home/ubuntu/Gowize-qa-pipline/backend-api/node_modules/express/lib/router/index.js:175:3)\n    at router (/home/ubuntu/Gowize-qa-pipline/backend-api/node_modules/express/lib/router/index.js:47:12)\n    at Layer.handle [as handle_request] (/home/ubuntu/Gowize-qa-pipline/backend-api/node_modules/express/lib/router/layer.js:95:5)\n    at trim_prefix (/home/ubuntu/Gowize-qa-pipline/backend-api/node_modules/express/lib/router/index.js:328:13)\n    at /home/ubuntu/Gowize-qa-pipline/backend-api/node_modules/express/lib/router/index.js:286:9\n    at Function.process_params (/home/ubuntu/Gowize-qa-pipline/backend-api/node_modules/express/lib/router/index.js:346:12)\n    at next (/home/ubuntu/Gowize-qa-pipline/backend-api/node_modules/express/lib/router/index.js:280:10)\n    at cors (/home/ubuntu/Gowize-qa-pipline/backend-api/node_modules/cors/lib/index.js:188:7)\n    at /home/ubuntu/Gowize-qa-pipline/backend-api/node_modules/cors/lib/index.js:224:17"}
{"level":"info","message":["Request IP => ",null,{},{},{},{"accept":"application/json, text/plain, */*","accept-encoding":"gzip, br","accept-language":"en-EG,en;q=0.9,ar-EG;q=0.8,ar;q=0.7,en-US;q=0.6","authorization":"Bearer eyJhbGciOiJIUzI1NiIsInR5cCI6IkpXVCJ9.eyJfaWQiOiI2ODJiMDUxMDc1M2M0YWQ1OTFiY2MzZDAiLCJlbWFpbCI6ImFkbWluQGFkbWluLmNvbSIsImlhdCI6MTc1OTc1MDEzOSwiZXhwIjoxNzU5NzkzMzM5fQ.EDv2aYiHP7HhBHpWokR8WG-CSnZrIqfQyKFJtMvyvHo","cdn-loop":"cloudflare; loops=1","cf-connecting-ip":"156.215.184.43","cf-ipcountry":"EG","cf-ray":"98ee95e62f8fd0f5-MRS","cf-visitor":"{\"scheme\":\"https\"}","connection":"upgrade","host":"gowize-crm-uat.exiniti.com","priority":"u=1, i","referer":"https://gowize-crm-uat.exiniti.com/dashboard","sec-ch-ua":"\"Google Chrome\";v=\"141\", \"Not?A_Brand\";v=\"8\", \"Chromium\";v=\"141\"","sec-ch-ua-mobile":"?0","sec-ch-ua-platform":"\"Windows\"","sec-fetch-dest":"empty","sec-fetch-mode":"cors","sec-fetch-site":"same-origin","user-agent":"Mozilla/5.0 (Windows NT 10.0; Win64; x64) AppleWebKit/537.36 (KHTML, like Gecko) Chrome/141.0.0.0 Safari/537.36","x-forwarded-for":"156.215.184.43","x-forwarded-proto":"https"},"/stats/customers?","GET","/stats/customers"]}
{"level":"error","message":"CustomError: Access denied, Invalid Token Provided\n    at module.exports.authMiddleware (/home/ubuntu/Gowize-qa-pipline/backend-api/src/shared/middlewares/crm-mw.js:42:17)\n    at Layer.handle [as handle_request] (/home/ubuntu/Gowize-qa-pipline/backend-api/node_modules/express/lib/router/layer.js:95:5)\n    at trim_prefix (/home/ubuntu/Gowize-qa-pipline/backend-api/node_modules/express/lib/router/index.js:328:13)\n    at /home/ubuntu/Gowize-qa-pipline/backend-api/node_modules/express/lib/router/index.js:286:9\n    at Function.process_params (/home/ubuntu/Gowize-qa-pipline/backend-api/node_modules/express/lib/router/index.js:346:12)\n    at next (/home/ubuntu/Gowize-qa-pipline/backend-api/node_modules/express/lib/router/index.js:280:10)\n    at Function.handle (/home/ubuntu/Gowize-qa-pipline/backend-api/node_modules/express/lib/router/index.js:175:3)\n    at router (/home/ubuntu/Gowize-qa-pipline/backend-api/node_modules/express/lib/router/index.js:47:12)\n    at Layer.handle [as handle_request] (/home/ubuntu/Gowize-qa-pipline/backend-api/node_modules/express/lib/router/layer.js:95:5)\n    at trim_prefix (/home/ubuntu/Gowize-qa-pipline/backend-api/node_modules/express/lib/router/index.js:328:13)\n    at /home/ubuntu/Gowize-qa-pipline/backend-api/node_modules/express/lib/router/index.js:286:9\n    at Function.process_params (/home/ubuntu/Gowize-qa-pipline/backend-api/node_modules/express/lib/router/index.js:346:12)\n    at next (/home/ubuntu/Gowize-qa-pipline/backend-api/node_modules/express/lib/router/index.js:280:10)\n    at Function.handle (/home/ubuntu/Gowize-qa-pipline/backend-api/node_modules/express/lib/router/index.js:175:3)\n    at router (/home/ubuntu/Gowize-qa-pipline/backend-api/node_modules/express/lib/router/index.js:47:12)\n    at Layer.handle [as handle_request] (/home/ubuntu/Gowize-qa-pipline/backend-api/node_modules/express/lib/router/layer.js:95:5)\n    at trim_prefix (/home/ubuntu/Gowize-qa-pipline/backend-api/node_modules/express/lib/router/index.js:328:13)\n    at /home/ubuntu/Gowize-qa-pipline/backend-api/node_modules/express/lib/router/index.js:286:9\n    at Function.process_params (/home/ubuntu/Gowize-qa-pipline/backend-api/node_modules/express/lib/router/index.js:346:12)\n    at next (/home/ubuntu/Gowize-qa-pipline/backend-api/node_modules/express/lib/router/index.js:280:10)\n    at cors (/home/ubuntu/Gowize-qa-pipline/backend-api/node_modules/cors/lib/index.js:188:7)\n    at /home/ubuntu/Gowize-qa-pipline/backend-api/node_modules/cors/lib/index.js:224:17"}
{"level":"info","message":["Request IP => ",null,{},{},{},{"accept":"application/json, text/plain, */*","accept-encoding":"gzip, br","accept-language":"en-EG,en;q=0.9,ar-EG;q=0.8,ar;q=0.7,en-US;q=0.6","authorization":"Bearer eyJhbGciOiJIUzI1NiIsInR5cCI6IkpXVCJ9.eyJfaWQiOiI2ODJiMDUxMDc1M2M0YWQ1OTFiY2MzZDAiLCJlbWFpbCI6ImFkbWluQGFkbWluLmNvbSIsImlhdCI6MTc1OTc1MDEzOSwiZXhwIjoxNzU5NzkzMzM5fQ.EDv2aYiHP7HhBHpWokR8WG-CSnZrIqfQyKFJtMvyvHo","cdn-loop":"cloudflare; loops=1","cf-connecting-ip":"156.215.184.43","cf-ipcountry":"EG","cf-ray":"98ee95e6af97d0f5-MRS","cf-visitor":"{\"scheme\":\"https\"}","connection":"upgrade","host":"gowize-crm-uat.exiniti.com","priority":"u=1, i","referer":"https://gowize-crm-uat.exiniti.com/dashboard","sec-ch-ua":"\"Google Chrome\";v=\"141\", \"Not?A_Brand\";v=\"8\", \"Chromium\";v=\"141\"","sec-ch-ua-mobile":"?0","sec-ch-ua-platform":"\"Windows\"","sec-fetch-dest":"empty","sec-fetch-mode":"cors","sec-fetch-site":"same-origin","user-agent":"Mozilla/5.0 (Windows NT 10.0; Win64; x64) AppleWebKit/537.36 (KHTML, like Gecko) Chrome/141.0.0.0 Safari/537.36","x-forwarded-for":"156.215.184.43","x-forwarded-proto":"https"},"/profile","GET","/profile"]}
{"level":"error","message":"CustomError: Access denied, Invalid Token Provided\n    at module.exports.authMiddleware (/home/ubuntu/Gowize-qa-pipline/backend-api/src/shared/middlewares/crm-mw.js:42:17)\n    at Layer.handle [as handle_request] (/home/ubuntu/Gowize-qa-pipline/backend-api/node_modules/express/lib/router/layer.js:95:5)\n    at trim_prefix (/home/ubuntu/Gowize-qa-pipline/backend-api/node_modules/express/lib/router/index.js:328:13)\n    at /home/ubuntu/Gowize-qa-pipline/backend-api/node_modules/express/lib/router/index.js:286:9\n    at Function.process_params (/home/ubuntu/Gowize-qa-pipline/backend-api/node_modules/express/lib/router/index.js:346:12)\n    at next (/home/ubuntu/Gowize-qa-pipline/backend-api/node_modules/express/lib/router/index.js:280:10)\n    at Function.handle (/home/ubuntu/Gowize-qa-pipline/backend-api/node_modules/express/lib/router/index.js:175:3)\n    at router (/home/ubuntu/Gowize-qa-pipline/backend-api/node_modules/express/lib/router/index.js:47:12)\n    at Layer.handle [as handle_request] (/home/ubuntu/Gowize-qa-pipline/backend-api/node_modules/express/lib/router/layer.js:95:5)\n    at trim_prefix (/home/ubuntu/Gowize-qa-pipline/backend-api/node_modules/express/lib/router/index.js:328:13)\n    at /home/ubuntu/Gowize-qa-pipline/backend-api/node_modules/express/lib/router/index.js:286:9\n    at Function.process_params (/home/ubuntu/Gowize-qa-pipline/backend-api/node_modules/express/lib/router/index.js:346:12)\n    at next (/home/ubuntu/Gowize-qa-pipline/backend-api/node_modules/express/lib/router/index.js:280:10)\n    at Function.handle (/home/ubuntu/Gowize-qa-pipline/backend-api/node_modules/express/lib/router/index.js:175:3)\n    at router (/home/ubuntu/Gowize-qa-pipline/backend-api/node_modules/express/lib/router/index.js:47:12)\n    at Layer.handle [as handle_request] (/home/ubuntu/Gowize-qa-pipline/backend-api/node_modules/express/lib/router/layer.js:95:5)\n    at trim_prefix (/home/ubuntu/Gowize-qa-pipline/backend-api/node_modules/express/lib/router/index.js:328:13)\n    at /home/ubuntu/Gowize-qa-pipline/backend-api/node_modules/express/lib/router/index.js:286:9\n    at Function.process_params (/home/ubuntu/Gowize-qa-pipline/backend-api/node_modules/express/lib/router/index.js:346:12)\n    at next (/home/ubuntu/Gowize-qa-pipline/backend-api/node_modules/express/lib/router/index.js:280:10)\n    at cors (/home/ubuntu/Gowize-qa-pipline/backend-api/node_modules/cors/lib/index.js:188:7)\n    at /home/ubuntu/Gowize-qa-pipline/backend-api/node_modules/cors/lib/index.js:224:17"}
{"level":"info","message":["Request IP => ",null,{},{},{},{"accept":"application/json, text/plain, */*","accept-encoding":"gzip, br","accept-language":"en-EG,en;q=0.9,ar-EG;q=0.8,ar;q=0.7,en-US;q=0.6","authorization":"Bearer eyJhbGciOiJIUzI1NiIsInR5cCI6IkpXVCJ9.eyJfaWQiOiI2ODJiMDUxMDc1M2M0YWQ1OTFiY2MzZDAiLCJlbWFpbCI6ImFkbWluQGFkbWluLmNvbSIsImlhdCI6MTc1OTc1MDEzOSwiZXhwIjoxNzU5NzkzMzM5fQ.EDv2aYiHP7HhBHpWokR8WG-CSnZrIqfQyKFJtMvyvHo","cdn-loop":"cloudflare; loops=1","cf-connecting-ip":"156.215.184.43","cf-ipcountry":"EG","cf-ray":"98ee95e6df9cd0f5-MRS","cf-visitor":"{\"scheme\":\"https\"}","connection":"upgrade","host":"gowize-crm-uat.exiniti.com","priority":"u=1, i","referer":"https://gowize-crm-uat.exiniti.com/dashboard","sec-ch-ua":"\"Google Chrome\";v=\"141\", \"Not?A_Brand\";v=\"8\", \"Chromium\";v=\"141\"","sec-ch-ua-mobile":"?0","sec-ch-ua-platform":"\"Windows\"","sec-fetch-dest":"empty","sec-fetch-mode":"cors","sec-fetch-site":"same-origin","user-agent":"Mozilla/5.0 (Windows NT 10.0; Win64; x64) AppleWebKit/537.36 (KHTML, like Gecko) Chrome/141.0.0.0 Safari/537.36","x-forwarded-for":"156.215.184.43","x-forwarded-proto":"https"},"/","GET","/"]}
{"level":"error","message":"CustomError: Access denied, Invalid Token Provided\n    at module.exports.authMiddleware (/home/ubuntu/Gowize-qa-pipline/backend-api/src/shared/middlewares/crm-mw.js:42:17)\n    at Layer.handle [as handle_request] (/home/ubuntu/Gowize-qa-pipline/backend-api/node_modules/express/lib/router/layer.js:95:5)\n    at trim_prefix (/home/ubuntu/Gowize-qa-pipline/backend-api/node_modules/express/lib/router/index.js:328:13)\n    at /home/ubuntu/Gowize-qa-pipline/backend-api/node_modules/express/lib/router/index.js:286:9\n    at Function.process_params (/home/ubuntu/Gowize-qa-pipline/backend-api/node_modules/express/lib/router/index.js:346:12)\n    at next (/home/ubuntu/Gowize-qa-pipline/backend-api/node_modules/express/lib/router/index.js:280:10)\n    at Function.handle (/home/ubuntu/Gowize-qa-pipline/backend-api/node_modules/express/lib/router/index.js:175:3)\n    at router (/home/ubuntu/Gowize-qa-pipline/backend-api/node_modules/express/lib/router/index.js:47:12)\n    at Layer.handle [as handle_request] (/home/ubuntu/Gowize-qa-pipline/backend-api/node_modules/express/lib/router/layer.js:95:5)\n    at trim_prefix (/home/ubuntu/Gowize-qa-pipline/backend-api/node_modules/express/lib/router/index.js:328:13)\n    at /home/ubuntu/Gowize-qa-pipline/backend-api/node_modules/express/lib/router/index.js:286:9\n    at Function.process_params (/home/ubuntu/Gowize-qa-pipline/backend-api/node_modules/express/lib/router/index.js:346:12)\n    at next (/home/ubuntu/Gowize-qa-pipline/backend-api/node_modules/express/lib/router/index.js:280:10)\n    at Function.handle (/home/ubuntu/Gowize-qa-pipline/backend-api/node_modules/express/lib/router/index.js:175:3)\n    at router (/home/ubuntu/Gowize-qa-pipline/backend-api/node_modules/express/lib/router/index.js:47:12)\n    at Layer.handle [as handle_request] (/home/ubuntu/Gowize-qa-pipline/backend-api/node_modules/express/lib/router/layer.js:95:5)\n    at trim_prefix (/home/ubuntu/Gowize-qa-pipline/backend-api/node_modules/express/lib/router/index.js:328:13)\n    at /home/ubuntu/Gowize-qa-pipline/backend-api/node_modules/express/lib/router/index.js:286:9\n    at Function.process_params (/home/ubuntu/Gowize-qa-pipline/backend-api/node_modules/express/lib/router/index.js:346:12)\n    at next (/home/ubuntu/Gowize-qa-pipline/backend-api/node_modules/express/lib/router/index.js:280:10)\n    at cors (/home/ubuntu/Gowize-qa-pipline/backend-api/node_modules/cors/lib/index.js:188:7)\n    at /home/ubuntu/Gowize-qa-pipline/backend-api/node_modules/cors/lib/index.js:224:17"}
{"level":"info","message":["Request IP => ",null,{},{},{},{"accept":"application/json, text/plain, */*","accept-encoding":"gzip, br","accept-language":"en-EG,en;q=0.9,ar-EG;q=0.8,ar;q=0.7,en-US;q=0.6","authorization":"Bearer eyJhbGciOiJIUzI1NiIsInR5cCI6IkpXVCJ9.eyJfaWQiOiI2ODJiMDUxMDc1M2M0YWQ1OTFiY2MzZDAiLCJlbWFpbCI6ImFkbWluQGFkbWluLmNvbSIsImlhdCI6MTc1OTc1MDEzOSwiZXhwIjoxNzU5NzkzMzM5fQ.EDv2aYiHP7HhBHpWokR8WG-CSnZrIqfQyKFJtMvyvHo","cdn-loop":"cloudflare; loops=1","cf-connecting-ip":"156.215.184.43","cf-ipcountry":"EG","cf-ray":"98ee95e6ffa1d0f5-MRS","cf-visitor":"{\"scheme\":\"https\"}","connection":"upgrade","host":"gowize-crm-uat.exiniti.com","priority":"u=1, i","referer":"https://gowize-crm-uat.exiniti.com/dashboard","sec-ch-ua":"\"Google Chrome\";v=\"141\", \"Not?A_Brand\";v=\"8\", \"Chromium\";v=\"141\"","sec-ch-ua-mobile":"?0","sec-ch-ua-platform":"\"Windows\"","sec-fetch-dest":"empty","sec-fetch-mode":"cors","sec-fetch-site":"same-origin","user-agent":"Mozilla/5.0 (Windows NT 10.0; Win64; x64) AppleWebKit/537.36 (KHTML, like Gecko) Chrome/141.0.0.0 Safari/537.36","x-forwarded-for":"156.215.184.43","x-forwarded-proto":"https"},"/stats/customers?","GET","/stats/customers"]}
{"level":"error","message":"CustomError: Access denied, Invalid Token Provided\n    at module.exports.authMiddleware (/home/ubuntu/Gowize-qa-pipline/backend-api/src/shared/middlewares/crm-mw.js:42:17)\n    at Layer.handle [as handle_request] (/home/ubuntu/Gowize-qa-pipline/backend-api/node_modules/express/lib/router/layer.js:95:5)\n    at trim_prefix (/home/ubuntu/Gowize-qa-pipline/backend-api/node_modules/express/lib/router/index.js:328:13)\n    at /home/ubuntu/Gowize-qa-pipline/backend-api/node_modules/express/lib/router/index.js:286:9\n    at Function.process_params (/home/ubuntu/Gowize-qa-pipline/backend-api/node_modules/express/lib/router/index.js:346:12)\n    at next (/home/ubuntu/Gowize-qa-pipline/backend-api/node_modules/express/lib/router/index.js:280:10)\n    at Function.handle (/home/ubuntu/Gowize-qa-pipline/backend-api/node_modules/express/lib/router/index.js:175:3)\n    at router (/home/ubuntu/Gowize-qa-pipline/backend-api/node_modules/express/lib/router/index.js:47:12)\n    at Layer.handle [as handle_request] (/home/ubuntu/Gowize-qa-pipline/backend-api/node_modules/express/lib/router/layer.js:95:5)\n    at trim_prefix (/home/ubuntu/Gowize-qa-pipline/backend-api/node_modules/express/lib/router/index.js:328:13)\n    at /home/ubuntu/Gowize-qa-pipline/backend-api/node_modules/express/lib/router/index.js:286:9\n    at Function.process_params (/home/ubuntu/Gowize-qa-pipline/backend-api/node_modules/express/lib/router/index.js:346:12)\n    at next (/home/ubuntu/Gowize-qa-pipline/backend-api/node_modules/express/lib/router/index.js:280:10)\n    at Function.handle (/home/ubuntu/Gowize-qa-pipline/backend-api/node_modules/express/lib/router/index.js:175:3)\n    at router (/home/ubuntu/Gowize-qa-pipline/backend-api/node_modules/express/lib/router/index.js:47:12)\n    at Layer.handle [as handle_request] (/home/ubuntu/Gowize-qa-pipline/backend-api/node_modules/express/lib/router/layer.js:95:5)\n    at trim_prefix (/home/ubuntu/Gowize-qa-pipline/backend-api/node_modules/express/lib/router/index.js:328:13)\n    at /home/ubuntu/Gowize-qa-pipline/backend-api/node_modules/express/lib/router/index.js:286:9\n    at Function.process_params (/home/ubuntu/Gowize-qa-pipline/backend-api/node_modules/express/lib/router/index.js:346:12)\n    at next (/home/ubuntu/Gowize-qa-pipline/backend-api/node_modules/express/lib/router/index.js:280:10)\n    at cors (/home/ubuntu/Gowize-qa-pipline/backend-api/node_modules/cors/lib/index.js:188:7)\n    at /home/ubuntu/Gowize-qa-pipline/backend-api/node_modules/cors/lib/index.js:224:17"}
{"level":"info","message":["Request IP => ",null,{},{},{"limit":"10","page":"1","read":"false"},{"accept":"application/json, text/plain, */*","accept-encoding":"gzip, br","accept-language":"en-EG,en;q=0.9,ar-EG;q=0.8,ar;q=0.7,en-US;q=0.6","authorization":"Bearer eyJhbGciOiJIUzI1NiIsInR5cCI6IkpXVCJ9.eyJfaWQiOiI2ODJiMDUxMDc1M2M0YWQ1OTFiY2MzZDAiLCJlbWFpbCI6ImFkbWluQGFkbWluLmNvbSIsImlhdCI6MTc1OTc1MDEzOSwiZXhwIjoxNzU5NzkzMzM5fQ.EDv2aYiHP7HhBHpWokR8WG-CSnZrIqfQyKFJtMvyvHo","cdn-loop":"cloudflare; loops=1","cf-connecting-ip":"156.215.184.43","cf-ipcountry":"EG","cf-ray":"98ee95e7bfc2d0f5-MRS","cf-visitor":"{\"scheme\":\"https\"}","connection":"upgrade","host":"gowize-crm-uat.exiniti.com","priority":"u=1, i","referer":"https://gowize-crm-uat.exiniti.com/dashboard","sec-ch-ua":"\"Google Chrome\";v=\"141\", \"Not?A_Brand\";v=\"8\", \"Chromium\";v=\"141\"","sec-ch-ua-mobile":"?0","sec-ch-ua-platform":"\"Windows\"","sec-fetch-dest":"empty","sec-fetch-mode":"cors","sec-fetch-site":"same-origin","user-agent":"Mozilla/5.0 (Windows NT 10.0; Win64; x64) AppleWebKit/537.36 (KHTML, like Gecko) Chrome/141.0.0.0 Safari/537.36","x-forwarded-for":"156.215.184.43","x-forwarded-proto":"https"},"/?page=1&limit=10&read=false","GET","/"]}
{"level":"error","message":"CustomError: Access denied, Invalid Token Provided\n    at module.exports.authMiddleware (/home/ubuntu/Gowize-qa-pipline/backend-api/src/shared/middlewares/crm-mw.js:42:17)\n    at Layer.handle [as handle_request] (/home/ubuntu/Gowize-qa-pipline/backend-api/node_modules/express/lib/router/layer.js:95:5)\n    at trim_prefix (/home/ubuntu/Gowize-qa-pipline/backend-api/node_modules/express/lib/router/index.js:328:13)\n    at /home/ubuntu/Gowize-qa-pipline/backend-api/node_modules/express/lib/router/index.js:286:9\n    at Function.process_params (/home/ubuntu/Gowize-qa-pipline/backend-api/node_modules/express/lib/router/index.js:346:12)\n    at next (/home/ubuntu/Gowize-qa-pipline/backend-api/node_modules/express/lib/router/index.js:280:10)\n    at Function.handle (/home/ubuntu/Gowize-qa-pipline/backend-api/node_modules/express/lib/router/index.js:175:3)\n    at router (/home/ubuntu/Gowize-qa-pipline/backend-api/node_modules/express/lib/router/index.js:47:12)\n    at Layer.handle [as handle_request] (/home/ubuntu/Gowize-qa-pipline/backend-api/node_modules/express/lib/router/layer.js:95:5)\n    at trim_prefix (/home/ubuntu/Gowize-qa-pipline/backend-api/node_modules/express/lib/router/index.js:328:13)\n    at /home/ubuntu/Gowize-qa-pipline/backend-api/node_modules/express/lib/router/index.js:286:9\n    at Function.process_params (/home/ubuntu/Gowize-qa-pipline/backend-api/node_modules/express/lib/router/index.js:346:12)\n    at next (/home/ubuntu/Gowize-qa-pipline/backend-api/node_modules/express/lib/router/index.js:280:10)\n    at Function.handle (/home/ubuntu/Gowize-qa-pipline/backend-api/node_modules/express/lib/router/index.js:175:3)\n    at router (/home/ubuntu/Gowize-qa-pipline/backend-api/node_modules/express/lib/router/index.js:47:12)\n    at Layer.handle [as handle_request] (/home/ubuntu/Gowize-qa-pipline/backend-api/node_modules/express/lib/router/layer.js:95:5)\n    at trim_prefix (/home/ubuntu/Gowize-qa-pipline/backend-api/node_modules/express/lib/router/index.js:328:13)\n    at /home/ubuntu/Gowize-qa-pipline/backend-api/node_modules/express/lib/router/index.js:286:9\n    at Function.process_params (/home/ubuntu/Gowize-qa-pipline/backend-api/node_modules/express/lib/router/index.js:346:12)\n    at next (/home/ubuntu/Gowize-qa-pipline/backend-api/node_modules/express/lib/router/index.js:280:10)\n    at cors (/home/ubuntu/Gowize-qa-pipline/backend-api/node_modules/cors/lib/index.js:188:7)\n    at /home/ubuntu/Gowize-qa-pipline/backend-api/node_modules/cors/lib/index.js:224:17"}
{"level":"info","message":["Request IP => ",null,{},{},{},{"accept":"application/json, text/plain, */*","accept-encoding":"gzip, br","accept-language":"en-EG,en;q=0.9,ar-EG;q=0.8,ar;q=0.7,en-US;q=0.6","authorization":"Bearer eyJhbGciOiJIUzI1NiIsInR5cCI6IkpXVCJ9.eyJfaWQiOiI2ODJiMDUxMDc1M2M0YWQ1OTFiY2MzZDAiLCJlbWFpbCI6ImFkbWluQGFkbWluLmNvbSIsImlhdCI6MTc1OTc1MDEzOSwiZXhwIjoxNzU5NzkzMzM5fQ.EDv2aYiHP7HhBHpWokR8WG-CSnZrIqfQyKFJtMvyvHo","cdn-loop":"cloudflare; loops=1","cf-connecting-ip":"156.215.184.43","cf-ipcountry":"EG","cf-ray":"98ee95e7bfc5d0f5-MRS","cf-visitor":"{\"scheme\":\"https\"}","connection":"upgrade","host":"gowize-crm-uat.exiniti.com","priority":"u=1, i","referer":"https://gowize-crm-uat.exiniti.com/dashboard","sec-ch-ua":"\"Google Chrome\";v=\"141\", \"Not?A_Brand\";v=\"8\", \"Chromium\";v=\"141\"","sec-ch-ua-mobile":"?0","sec-ch-ua-platform":"\"Windows\"","sec-fetch-dest":"empty","sec-fetch-mode":"cors","sec-fetch-site":"same-origin","user-agent":"Mozilla/5.0 (Windows NT 10.0; Win64; x64) AppleWebKit/537.36 (KHTML, like Gecko) Chrome/141.0.0.0 Safari/537.36","x-forwarded-for":"156.215.184.43","x-forwarded-proto":"https"},"/stats/requests","GET","/stats/requests"]}
{"level":"error","message":"CustomError: Access denied, Invalid Token Provided\n    at module.exports.authMiddleware (/home/ubuntu/Gowize-qa-pipline/backend-api/src/shared/middlewares/crm-mw.js:42:17)\n    at Layer.handle [as handle_request] (/home/ubuntu/Gowize-qa-pipline/backend-api/node_modules/express/lib/router/layer.js:95:5)\n    at trim_prefix (/home/ubuntu/Gowize-qa-pipline/backend-api/node_modules/express/lib/router/index.js:328:13)\n    at /home/ubuntu/Gowize-qa-pipline/backend-api/node_modules/express/lib/router/index.js:286:9\n    at Function.process_params (/home/ubuntu/Gowize-qa-pipline/backend-api/node_modules/express/lib/router/index.js:346:12)\n    at next (/home/ubuntu/Gowize-qa-pipline/backend-api/node_modules/express/lib/router/index.js:280:10)\n    at Function.handle (/home/ubuntu/Gowize-qa-pipline/backend-api/node_modules/express/lib/router/index.js:175:3)\n    at router (/home/ubuntu/Gowize-qa-pipline/backend-api/node_modules/express/lib/router/index.js:47:12)\n    at Layer.handle [as handle_request] (/home/ubuntu/Gowize-qa-pipline/backend-api/node_modules/express/lib/router/layer.js:95:5)\n    at trim_prefix (/home/ubuntu/Gowize-qa-pipline/backend-api/node_modules/express/lib/router/index.js:328:13)\n    at /home/ubuntu/Gowize-qa-pipline/backend-api/node_modules/express/lib/router/index.js:286:9\n    at Function.process_params (/home/ubuntu/Gowize-qa-pipline/backend-api/node_modules/express/lib/router/index.js:346:12)\n    at next (/home/ubuntu/Gowize-qa-pipline/backend-api/node_modules/express/lib/router/index.js:280:10)\n    at Function.handle (/home/ubuntu/Gowize-qa-pipline/backend-api/node_modules/express/lib/router/index.js:175:3)\n    at router (/home/ubuntu/Gowize-qa-pipline/backend-api/node_modules/express/lib/router/index.js:47:12)\n    at Layer.handle [as handle_request] (/home/ubuntu/Gowize-qa-pipline/backend-api/node_modules/express/lib/router/layer.js:95:5)\n    at trim_prefix (/home/ubuntu/Gowize-qa-pipline/backend-api/node_modules/express/lib/router/index.js:328:13)\n    at /home/ubuntu/Gowize-qa-pipline/backend-api/node_modules/express/lib/router/index.js:286:9\n    at Function.process_params (/home/ubuntu/Gowize-qa-pipline/backend-api/node_modules/express/lib/router/index.js:346:12)\n    at next (/home/ubuntu/Gowize-qa-pipline/backend-api/node_modules/express/lib/router/index.js:280:10)\n    at cors (/home/ubuntu/Gowize-qa-pipline/backend-api/node_modules/cors/lib/index.js:188:7)\n    at /home/ubuntu/Gowize-qa-pipline/backend-api/node_modules/cors/lib/index.js:224:17"}
{"level":"info","message":["Request IP => ",null,{},{},{},{"accept":"application/json, text/plain, */*","accept-encoding":"gzip, br","accept-language":"en-EG,en;q=0.9,ar-EG;q=0.8,ar;q=0.7,en-US;q=0.6","authorization":"Bearer eyJhbGciOiJIUzI1NiIsInR5cCI6IkpXVCJ9.eyJfaWQiOiI2ODJiMDUxMDc1M2M0YWQ1OTFiY2MzZDAiLCJlbWFpbCI6ImFkbWluQGFkbWluLmNvbSIsImlhdCI6MTc1OTc1MDEzOSwiZXhwIjoxNzU5NzkzMzM5fQ.EDv2aYiHP7HhBHpWokR8WG-CSnZrIqfQyKFJtMvyvHo","cdn-loop":"cloudflare; loops=1","cf-connecting-ip":"156.215.184.43","cf-ipcountry":"EG","cf-ray":"98ee95e7cfcbd0f5-MRS","cf-visitor":"{\"scheme\":\"https\"}","connection":"upgrade","host":"gowize-crm-uat.exiniti.com","priority":"u=1, i","referer":"https://gowize-crm-uat.exiniti.com/dashboard","sec-ch-ua":"\"Google Chrome\";v=\"141\", \"Not?A_Brand\";v=\"8\", \"Chromium\";v=\"141\"","sec-ch-ua-mobile":"?0","sec-ch-ua-platform":"\"Windows\"","sec-fetch-dest":"empty","sec-fetch-mode":"cors","sec-fetch-site":"same-origin","user-agent":"Mozilla/5.0 (Windows NT 10.0; Win64; x64) AppleWebKit/537.36 (KHTML, like Gecko) Chrome/141.0.0.0 Safari/537.36","x-forwarded-for":"156.215.184.43","x-forwarded-proto":"https"},"/stats/kyc","GET","/stats/kyc"]}
{"level":"error","message":"CustomError: Access denied, Invalid Token Provided\n    at module.exports.authMiddleware (/home/ubuntu/Gowize-qa-pipline/backend-api/src/shared/middlewares/crm-mw.js:42:17)\n    at Layer.handle [as handle_request] (/home/ubuntu/Gowize-qa-pipline/backend-api/node_modules/express/lib/router/layer.js:95:5)\n    at trim_prefix (/home/ubuntu/Gowize-qa-pipline/backend-api/node_modules/express/lib/router/index.js:328:13)\n    at /home/ubuntu/Gowize-qa-pipline/backend-api/node_modules/express/lib/router/index.js:286:9\n    at Function.process_params (/home/ubuntu/Gowize-qa-pipline/backend-api/node_modules/express/lib/router/index.js:346:12)\n    at next (/home/ubuntu/Gowize-qa-pipline/backend-api/node_modules/express/lib/router/index.js:280:10)\n    at Function.handle (/home/ubuntu/Gowize-qa-pipline/backend-api/node_modules/express/lib/router/index.js:175:3)\n    at router (/home/ubuntu/Gowize-qa-pipline/backend-api/node_modules/express/lib/router/index.js:47:12)\n    at Layer.handle [as handle_request] (/home/ubuntu/Gowize-qa-pipline/backend-api/node_modules/express/lib/router/layer.js:95:5)\n    at trim_prefix (/home/ubuntu/Gowize-qa-pipline/backend-api/node_modules/express/lib/router/index.js:328:13)\n    at /home/ubuntu/Gowize-qa-pipline/backend-api/node_modules/express/lib/router/index.js:286:9\n    at Function.process_params (/home/ubuntu/Gowize-qa-pipline/backend-api/node_modules/express/lib/router/index.js:346:12)\n    at next (/home/ubuntu/Gowize-qa-pipline/backend-api/node_modules/express/lib/router/index.js:280:10)\n    at Function.handle (/home/ubuntu/Gowize-qa-pipline/backend-api/node_modules/express/lib/router/index.js:175:3)\n    at router (/home/ubuntu/Gowize-qa-pipline/backend-api/node_modules/express/lib/router/index.js:47:12)\n    at Layer.handle [as handle_request] (/home/ubuntu/Gowize-qa-pipline/backend-api/node_modules/express/lib/router/layer.js:95:5)\n    at trim_prefix (/home/ubuntu/Gowize-qa-pipline/backend-api/node_modules/express/lib/router/index.js:328:13)\n    at /home/ubuntu/Gowize-qa-pipline/backend-api/node_modules/express/lib/router/index.js:286:9\n    at Function.process_params (/home/ubuntu/Gowize-qa-pipline/backend-api/node_modules/express/lib/router/index.js:346:12)\n    at next (/home/ubuntu/Gowize-qa-pipline/backend-api/node_modules/express/lib/router/index.js:280:10)\n    at cors (/home/ubuntu/Gowize-qa-pipline/backend-api/node_modules/cors/lib/index.js:188:7)\n    at /home/ubuntu/Gowize-qa-pipline/backend-api/node_modules/cors/lib/index.js:224:17"}
{"level":"info","message":["Request IP => ",null,{},{},{},{"accept":"application/json, text/plain, */*","accept-encoding":"gzip, br","accept-language":"en-EG,en;q=0.9,ar-EG;q=0.8,ar;q=0.7,en-US;q=0.6","authorization":"Bearer eyJhbGciOiJIUzI1NiIsInR5cCI6IkpXVCJ9.eyJfaWQiOiI2ODJiMDUxMDc1M2M0YWQ1OTFiY2MzZDAiLCJlbWFpbCI6ImFkbWluQGFkbWluLmNvbSIsImlhdCI6MTc1OTc1MDEzOSwiZXhwIjoxNzU5NzkzMzM5fQ.EDv2aYiHP7HhBHpWokR8WG-CSnZrIqfQyKFJtMvyvHo","cdn-loop":"cloudflare; loops=1","cf-connecting-ip":"156.215.184.43","cf-ipcountry":"EG","cf-ray":"98ee95e7cfc9d0f5-MRS","cf-visitor":"{\"scheme\":\"https\"}","connection":"upgrade","host":"gowize-crm-uat.exiniti.com","priority":"u=1, i","referer":"https://gowize-crm-uat.exiniti.com/dashboard","sec-ch-ua":"\"Google Chrome\";v=\"141\", \"Not?A_Brand\";v=\"8\", \"Chromium\";v=\"141\"","sec-ch-ua-mobile":"?0","sec-ch-ua-platform":"\"Windows\"","sec-fetch-dest":"empty","sec-fetch-mode":"cors","sec-fetch-site":"same-origin","user-agent":"Mozilla/5.0 (Windows NT 10.0; Win64; x64) AppleWebKit/537.36 (KHTML, like Gecko) Chrome/141.0.0.0 Safari/537.36","x-forwarded-for":"156.215.184.43","x-forwarded-proto":"https"},"/stats/transactions","GET","/stats/transactions"]}
{"level":"error","message":"CustomError: Access denied, Invalid Token Provided\n    at module.exports.authMiddleware (/home/ubuntu/Gowize-qa-pipline/backend-api/src/shared/middlewares/crm-mw.js:42:17)\n    at Layer.handle [as handle_request] (/home/ubuntu/Gowize-qa-pipline/backend-api/node_modules/express/lib/router/layer.js:95:5)\n    at trim_prefix (/home/ubuntu/Gowize-qa-pipline/backend-api/node_modules/express/lib/router/index.js:328:13)\n    at /home/ubuntu/Gowize-qa-pipline/backend-api/node_modules/express/lib/router/index.js:286:9\n    at Function.process_params (/home/ubuntu/Gowize-qa-pipline/backend-api/node_modules/express/lib/router/index.js:346:12)\n    at next (/home/ubuntu/Gowize-qa-pipline/backend-api/node_modules/express/lib/router/index.js:280:10)\n    at Function.handle (/home/ubuntu/Gowize-qa-pipline/backend-api/node_modules/express/lib/router/index.js:175:3)\n    at router (/home/ubuntu/Gowize-qa-pipline/backend-api/node_modules/express/lib/router/index.js:47:12)\n    at Layer.handle [as handle_request] (/home/ubuntu/Gowize-qa-pipline/backend-api/node_modules/express/lib/router/layer.js:95:5)\n    at trim_prefix (/home/ubuntu/Gowize-qa-pipline/backend-api/node_modules/express/lib/router/index.js:328:13)\n    at /home/ubuntu/Gowize-qa-pipline/backend-api/node_modules/express/lib/router/index.js:286:9\n    at Function.process_params (/home/ubuntu/Gowize-qa-pipline/backend-api/node_modules/express/lib/router/index.js:346:12)\n    at next (/home/ubuntu/Gowize-qa-pipline/backend-api/node_modules/express/lib/router/index.js:280:10)\n    at Function.handle (/home/ubuntu/Gowize-qa-pipline/backend-api/node_modules/express/lib/router/index.js:175:3)\n    at router (/home/ubuntu/Gowize-qa-pipline/backend-api/node_modules/express/lib/router/index.js:47:12)\n    at Layer.handle [as handle_request] (/home/ubuntu/Gowize-qa-pipline/backend-api/node_modules/express/lib/router/layer.js:95:5)\n    at trim_prefix (/home/ubuntu/Gowize-qa-pipline/backend-api/node_modules/express/lib/router/index.js:328:13)\n    at /home/ubuntu/Gowize-qa-pipline/backend-api/node_modules/express/lib/router/index.js:286:9\n    at Function.process_params (/home/ubuntu/Gowize-qa-pipline/backend-api/node_modules/express/lib/router/index.js:346:12)\n    at next (/home/ubuntu/Gowize-qa-pipline/backend-api/node_modules/express/lib/router/index.js:280:10)\n    at cors (/home/ubuntu/Gowize-qa-pipline/backend-api/node_modules/cors/lib/index.js:188:7)\n    at /home/ubuntu/Gowize-qa-pipline/backend-api/node_modules/cors/lib/index.js:224:17"}
{"level":"info","message":["Request IP => ",null,{},{},{"callStatus":"NEW","limit":"5"},{"accept":"application/json, text/plain, */*","accept-encoding":"gzip, br","accept-language":"en-EG,en;q=0.9,ar-EG;q=0.8,ar;q=0.7,en-US;q=0.6","authorization":"Bearer eyJhbGciOiJIUzI1NiIsInR5cCI6IkpXVCJ9.eyJfaWQiOiI2ODJiMDUxMDc1M2M0YWQ1OTFiY2MzZDAiLCJlbWFpbCI6ImFkbWluQGFkbWluLmNvbSIsImlhdCI6MTc1OTc1MDEzOSwiZXhwIjoxNzU5NzkzMzM5fQ.EDv2aYiHP7HhBHpWokR8WG-CSnZrIqfQyKFJtMvyvHo","cdn-loop":"cloudflare; loops=1","cf-connecting-ip":"156.215.184.43","cf-ipcountry":"EG","cf-ray":"98ee95e7cfccd0f5-MRS","cf-visitor":"{\"scheme\":\"https\"}","connection":"upgrade","host":"gowize-crm-uat.exiniti.com","priority":"u=1, i","referer":"https://gowize-crm-uat.exiniti.com/dashboard","sec-ch-ua":"\"Google Chrome\";v=\"141\", \"Not?A_Brand\";v=\"8\", \"Chromium\";v=\"141\"","sec-ch-ua-mobile":"?0","sec-ch-ua-platform":"\"Windows\"","sec-fetch-dest":"empty","sec-fetch-mode":"cors","sec-fetch-site":"same-origin","user-agent":"Mozilla/5.0 (Windows NT 10.0; Win64; x64) AppleWebKit/537.36 (KHTML, like Gecko) Chrome/141.0.0.0 Safari/537.36","x-forwarded-for":"156.215.184.43","x-forwarded-proto":"https"},"/stats/leads?callStatus=NEW&limit=5","GET","/stats/leads"]}
{"level":"error","message":"CustomError: Access denied, Invalid Token Provided\n    at module.exports.authMiddleware (/home/ubuntu/Gowize-qa-pipline/backend-api/src/shared/middlewares/crm-mw.js:42:17)\n    at Layer.handle [as handle_request] (/home/ubuntu/Gowize-qa-pipline/backend-api/node_modules/express/lib/router/layer.js:95:5)\n    at trim_prefix (/home/ubuntu/Gowize-qa-pipline/backend-api/node_modules/express/lib/router/index.js:328:13)\n    at /home/ubuntu/Gowize-qa-pipline/backend-api/node_modules/express/lib/router/index.js:286:9\n    at Function.process_params (/home/ubuntu/Gowize-qa-pipline/backend-api/node_modules/express/lib/router/index.js:346:12)\n    at next (/home/ubuntu/Gowize-qa-pipline/backend-api/node_modules/express/lib/router/index.js:280:10)\n    at Function.handle (/home/ubuntu/Gowize-qa-pipline/backend-api/node_modules/express/lib/router/index.js:175:3)\n    at router (/home/ubuntu/Gowize-qa-pipline/backend-api/node_modules/express/lib/router/index.js:47:12)\n    at Layer.handle [as handle_request] (/home/ubuntu/Gowize-qa-pipline/backend-api/node_modules/express/lib/router/layer.js:95:5)\n    at trim_prefix (/home/ubuntu/Gowize-qa-pipline/backend-api/node_modules/express/lib/router/index.js:328:13)\n    at /home/ubuntu/Gowize-qa-pipline/backend-api/node_modules/express/lib/router/index.js:286:9\n    at Function.process_params (/home/ubuntu/Gowize-qa-pipline/backend-api/node_modules/express/lib/router/index.js:346:12)\n    at next (/home/ubuntu/Gowize-qa-pipline/backend-api/node_modules/express/lib/router/index.js:280:10)\n    at Function.handle (/home/ubuntu/Gowize-qa-pipline/backend-api/node_modules/express/lib/router/index.js:175:3)\n    at router (/home/ubuntu/Gowize-qa-pipline/backend-api/node_modules/express/lib/router/index.js:47:12)\n    at Layer.handle [as handle_request] (/home/ubuntu/Gowize-qa-pipline/backend-api/node_modules/express/lib/router/layer.js:95:5)\n    at trim_prefix (/home/ubuntu/Gowize-qa-pipline/backend-api/node_modules/express/lib/router/index.js:328:13)\n    at /home/ubuntu/Gowize-qa-pipline/backend-api/node_modules/express/lib/router/index.js:286:9\n    at Function.process_params (/home/ubuntu/Gowize-qa-pipline/backend-api/node_modules/express/lib/router/index.js:346:12)\n    at next (/home/ubuntu/Gowize-qa-pipline/backend-api/node_modules/express/lib/router/index.js:280:10)\n    at cors (/home/ubuntu/Gowize-qa-pipline/backend-api/node_modules/cors/lib/index.js:188:7)\n    at /home/ubuntu/Gowize-qa-pipline/backend-api/node_modules/cors/lib/index.js:224:17"}
{"level":"info","message":["Request IP => ",null,{},{},{},{"accept":"application/json, text/plain, */*","accept-encoding":"gzip, br","accept-language":"en-EG,en;q=0.9,ar-EG;q=0.8,ar;q=0.7,en-US;q=0.6","authorization":"Bearer eyJhbGciOiJIUzI1NiIsInR5cCI6IkpXVCJ9.eyJfaWQiOiI2ODJiMDUxMDc1M2M0YWQ1OTFiY2MzZDAiLCJlbWFpbCI6ImFkbWluQGFkbWluLmNvbSIsImlhdCI6MTc1OTc1MDEzOSwiZXhwIjoxNzU5NzkzMzM5fQ.EDv2aYiHP7HhBHpWokR8WG-CSnZrIqfQyKFJtMvyvHo","cdn-loop":"cloudflare; loops=1","cf-connecting-ip":"156.215.184.43","cf-ipcountry":"EG","cf-ray":"98ee95e7cfcdd0f5-MRS","cf-visitor":"{\"scheme\":\"https\"}","connection":"upgrade","host":"gowize-crm-uat.exiniti.com","priority":"u=1, i","referer":"https://gowize-crm-uat.exiniti.com/dashboard","sec-ch-ua":"\"Google Chrome\";v=\"141\", \"Not?A_Brand\";v=\"8\", \"Chromium\";v=\"141\"","sec-ch-ua-mobile":"?0","sec-ch-ua-platform":"\"Windows\"","sec-fetch-dest":"empty","sec-fetch-mode":"cors","sec-fetch-site":"same-origin","user-agent":"Mozilla/5.0 (Windows NT 10.0; Win64; x64) AppleWebKit/537.36 (KHTML, like Gecko) Chrome/141.0.0.0 Safari/537.36","x-forwarded-for":"156.215.184.43","x-forwarded-proto":"https"},"/?","GET","/"]}
{"level":"error","message":"CustomError: Access denied, Invalid Token Provided\n    at module.exports.authMiddleware (/home/ubuntu/Gowize-qa-pipline/backend-api/src/shared/middlewares/crm-mw.js:42:17)\n    at Layer.handle [as handle_request] (/home/ubuntu/Gowize-qa-pipline/backend-api/node_modules/express/lib/router/layer.js:95:5)\n    at trim_prefix (/home/ubuntu/Gowize-qa-pipline/backend-api/node_modules/express/lib/router/index.js:328:13)\n    at /home/ubuntu/Gowize-qa-pipline/backend-api/node_modules/express/lib/router/index.js:286:9\n    at Function.process_params (/home/ubuntu/Gowize-qa-pipline/backend-api/node_modules/express/lib/router/index.js:346:12)\n    at next (/home/ubuntu/Gowize-qa-pipline/backend-api/node_modules/express/lib/router/index.js:280:10)\n    at Function.handle (/home/ubuntu/Gowize-qa-pipline/backend-api/node_modules/express/lib/router/index.js:175:3)\n    at router (/home/ubuntu/Gowize-qa-pipline/backend-api/node_modules/express/lib/router/index.js:47:12)\n    at Layer.handle [as handle_request] (/home/ubuntu/Gowize-qa-pipline/backend-api/node_modules/express/lib/router/layer.js:95:5)\n    at trim_prefix (/home/ubuntu/Gowize-qa-pipline/backend-api/node_modules/express/lib/router/index.js:328:13)\n    at /home/ubuntu/Gowize-qa-pipline/backend-api/node_modules/express/lib/router/index.js:286:9\n    at Function.process_params (/home/ubuntu/Gowize-qa-pipline/backend-api/node_modules/express/lib/router/index.js:346:12)\n    at next (/home/ubuntu/Gowize-qa-pipline/backend-api/node_modules/express/lib/router/index.js:280:10)\n    at Function.handle (/home/ubuntu/Gowize-qa-pipline/backend-api/node_modules/express/lib/router/index.js:175:3)\n    at router (/home/ubuntu/Gowize-qa-pipline/backend-api/node_modules/express/lib/router/index.js:47:12)\n    at Layer.handle [as handle_request] (/home/ubuntu/Gowize-qa-pipline/backend-api/node_modules/express/lib/router/layer.js:95:5)\n    at trim_prefix (/home/ubuntu/Gowize-qa-pipline/backend-api/node_modules/express/lib/router/index.js:328:13)\n    at /home/ubuntu/Gowize-qa-pipline/backend-api/node_modules/express/lib/router/index.js:286:9\n    at Function.process_params (/home/ubuntu/Gowize-qa-pipline/backend-api/node_modules/express/lib/router/index.js:346:12)\n    at next (/home/ubuntu/Gowize-qa-pipline/backend-api/node_modules/express/lib/router/index.js:280:10)\n    at cors (/home/ubuntu/Gowize-qa-pipline/backend-api/node_modules/cors/lib/index.js:188:7)\n    at /home/ubuntu/Gowize-qa-pipline/backend-api/node_modules/cors/lib/index.js:224:17"}
