{"level":"info","message":"rabbitmqUrl amqp://admin:admin123@localhost:5672"}
{"level":"info","message":["Request IP => ",null,null,null,null,{"authorization":""},null,null,null]}
{"level":"info","message":["Request IP => ",null,null,null,null,{"authorization":""},null,null,null]}
{"level":"info","message":["Request IP => ",null,null,null,null,{"authorization":""},null,null,null]}
{"level":"info","message":["Request IP => ",null,null,null,null,{"authorization":""},null,null,null]}
{"level":"info","message":["Request IP => ",null,null,null,null,{"authorization":""},null,null,null]}
{"level":"info","message":["Request IP => ",null,null,null,null,{"authorization":""},null,null,null]}
{"level":"info","message":["Request IP => ",null,null,null,null,{"authorization":""},null,null,null]}
{"level":"info","message":["Request IP => ",null,null,null,null,{"authorization":""},null,null,null]}
{"level":"info","message":["Request IP => ",null,null,null,null,{"authorization":""},null,null,null]}
{"level":"info","message":["Request IP => ",null,null,null,null,{"authorization":""},null,null,null]}
{"level":"info","message":["Request IP => ",null,null,null,null,{"authorization":""},null,null,null]}
{"level":"info","message":["Request IP => ",null,null,null,null,{"authorization":""},null,null,null]}
{"level":"info","message":["Request IP => ",null,null,null,null,{"authorization":""},null,null,null]}
{"level":"info","message":["Request IP => ",null,null,null,null,{"authorization":""},null,null,null]}
{"level":"info","message":["Request IP => ",null,null,null,null,{"authorization":""},null,null,null]}
{"level":"info","message":["Request IP => ",null,null,null,null,{"authorization":""},null,null,null]}
{"level":"info","message":["Request IP => ",null,null,null,null,{"authorization":""},null,null,null]}
{"level":"info","message":["Request IP => ",null,null,null,null,{"authorization":""},null,null,null]}
{"level":"info","message":["Request IP => ",null,null,null,null,{"authorization":""},null,null,null]}
{"level":"info","message":["Request IP => ",null,null,null,null,{"authorization":""},null,null,null]}
{"level":"info","message":["Request IP => ",null,null,null,null,{"authorization":""},null,null,null]}
{"level":"info","message":["Request IP => ",null,null,null,null,{"authorization":""},null,null,null]}
{"level":"info","message":["Request IP => ",null,null,null,null,{"authorization":""},null,null,null]}
{"level":"info","message":["Request IP => ",null,null,null,null,{"authorization":""},null,null,null]}
{"level":"info","message":["Request IP => ",null,null,null,null,{"authorization":""},null,null,null]}
{"level":"info","message":["Request IP => ",null,null,null,null,{"authorization":""},null,null,null]}
{"level":"info","message":["Request IP => ",null,null,null,null,{"authorization":""},null,null,null]}
{"level":"info","message":["Request IP => ",null,null,null,null,{"authorization":""},null,null,null]}
{"level":"info","message":["Request IP => ",null,null,null,null,{"authorization":""},null,null,null]}
{"level":"info","message":["Request IP => ",null,null,null,null,{"authorization":""},null,null,null]}
{"level":"info","message":["Request IP => ",null,null,null,null,{"authorization":""},null,null,null]}
{"level":"info","message":["Request IP => ",null,null,null,null,{"authorization":""},null,null,null]}
{"level":"info","message":["Request IP => ",null,null,null,null,{"authorization":""},null,null,null]}
{"level":"info","message":["Request IP => ",null,null,null,null,{"authorization":""},null,null,null]}
{"level":"info","message":["Request IP => ",null,null,null,null,{"authorization":""},null,null,null]}
{"level":"info","message":["Request IP => ",null,null,null,null,{"authorization":""},null,null,null]}
{"level":"info","message":["Request IP => ",null,null,null,null,{"authorization":""},null,null,null]}
{"level":"info","message":["Request IP => ",null,null,null,null,{"authorization":""},null,null,null]}
{"level":"info","message":["Request IP => ",null,null,null,null,{"authorization":""},null,null,null]}
{"level":"info","message":["Request IP => ",null,null,null,null,{"authorization":""},null,null,null]}
{"level":"info","message":["Request IP => ",null,null,null,null,{"authorization":""},null,null,null]}
{"level":"info","message":["Request IP => ",null,null,null,null,{"authorization":""},null,null,null]}
{"level":"info","message":["Request IP => ",null,null,null,null,{"authorization":""},null,null,null]}
{"level":"info","message":["Request IP => ",null,null,null,null,{"authorization":""},null,null,null]}
{"level":"info","message":["Request IP => ",null,null,null,null,{"authorization":""},null,null,null]}
{"level":"info","message":["Request IP => ",null,null,null,null,{"authorization":""},null,null,null]}
{"level":"info","message":["Request IP => ",null,null,null,null,{"authorization":""},null,null,null]}
{"level":"info","message":["Request IP => ",null,null,null,null,{"authorization":""},null,null,null]}
{"level":"info","message":["Request IP => ",null,null,null,null,{"authorization":""},null,null,null]}
{"level":"info","message":["Request IP => ",null,null,null,null,{"authorization":""},null,null,null]}
{"level":"info","message":["Request IP => ",null,null,null,null,{"authorization":""},null,null,null]}
{"level":"info","message":["Request IP => ",null,null,null,null,{"authorization":""},null,null,null]}
{"level":"info","message":["Request IP => ",null,null,null,null,{"authorization":""},null,null,null]}
{"level":"info","message":["Request IP => ",null,null,null,null,{"authorization":""},null,null,null]}
{"level":"info","message":["Request IP => ",null,null,null,null,{"authorization":""},null,null,null]}
{"level":"info","message":["Request IP => ",null,null,null,null,{"authorization":""},null,null,null]}
{"level":"info","message":["Request IP => ",null,null,null,null,{"authorization":""},null,null,null]}
{"level":"info","message":["Request IP => ",null,null,null,null,{"authorization":""},null,null,null]}
{"level":"info","message":["Request IP => ",null,null,null,null,{"authorization":""},null,null,null]}
{"level":"info","message":["Request IP => ",null,null,null,null,{"authorization":""},null,null,null]}
{"level":"info","message":["Request IP => ",null,null,null,null,{"authorization":""},null,null,null]}
{"level":"info","message":["Request IP => ",null,null,null,null,{"authorization":""},null,null,null]}
{"level":"info","message":["Request IP => ",null,null,null,null,{"authorization":""},null,null,null]}
{"level":"info","message":["Request IP => ",null,null,null,null,{"authorization":""},null,null,null]}
{"level":"info","message":["Request IP => ",null,null,null,null,{"authorization":""},null,null,null]}
{"level":"info","message":["Request IP => ",null,null,null,null,{"authorization":""},null,null,null]}
{"level":"info","message":["Request IP => ",null,null,null,null,{"authorization":""},null,null,null]}
{"level":"info","message":["Request IP => ",null,null,null,null,{"authorization":""},null,null,null]}
{"level":"info","message":["Request IP => ",null,null,null,null,{"authorization":""},null,null,null]}
{"level":"info","message":["Request IP => ",null,null,null,null,{"authorization":""},null,null,null]}
{"level":"info","message":["Request IP => ",null,null,null,null,{"authorization":""},null,null,null]}
{"level":"info","message":["Request IP => ",null,null,null,null,{"authorization":""},null,null,null]}
{"level":"info","message":["Request IP => ",null,null,null,null,{"authorization":""},null,null,null]}
{"level":"info","message":["Request IP => ",null,null,null,null,{"authorization":""},null,null,null]}
{"level":"info","message":["Request IP => ",null,null,null,null,{"authorization":""},null,null,null]}
{"level":"info","message":["Request IP => ",null,null,null,null,{"authorization":""},null,null,null]}
{"level":"info","message":["Request IP => ",null,null,null,null,{"authorization":""},null,null,null]}
{"level":"info","message":["Request IP => ",null,null,null,null,{"authorization":""},null,null,null]}
{"level":"info","message":["Request IP => ",null,null,null,null,{"authorization":""},null,null,null]}
{"level":"info","message":["Request IP => ",null,null,null,null,{"authorization":""},null,null,null]}
{"level":"info","message":["Request IP => ",null,null,null,null,{"authorization":""},null,null,null]}
{"level":"info","message":["Request IP => ",null,null,null,null,{"authorization":""},null,null,null]}
{"level":"info","message":["Request IP => ",null,null,null,null,{"authorization":""},null,null,null]}
{"level":"info","message":["Request IP => ",null,null,null,null,{"authorization":""},null,null,null]}
{"level":"info","message":["Request IP => ",null,null,null,null,{"authorization":""},null,null,null]}
{"level":"info","message":["Request IP => ",null,null,null,null,{"authorization":""},null,null,null]}
{"level":"info","message":["Request IP => ",null,null,null,null,{"authorization":""},null,null,null]}
{"level":"info","message":["Request IP => ",null,null,null,null,{"authorization":""},null,null,null]}
{"level":"info","message":["Request IP => ",null,null,null,null,{"authorization":""},null,null,null]}
{"level":"info","message":["Request IP => ",null,null,null,null,{"authorization":""},null,null,null]}
{"level":"info","message":["Request IP => ",null,null,null,null,{"authorization":""},null,null,null]}
{"level":"info","message":["Request IP => ",null,null,null,null,{"authorization":""},null,null,null]}
{"level":"info","message":["Request IP => ",null,null,null,null,{"authorization":""},null,null,null]}
{"level":"info","message":["Request IP => ",null,null,null,null,{"authorization":""},null,null,null]}
{"level":"info","message":["Request IP => ",null,null,null,null,{"authorization":""},null,null,null]}
{"level":"info","message":["Request IP => ",null,null,null,null,{"authorization":""},null,null,null]}
{"level":"info","message":["Request IP => ",null,null,null,null,{"authorization":""},null,null,null]}
{"level":"info","message":["Request IP => ",null,null,null,null,{"authorization":""},null,null,null]}
{"level":"info","message":["Request IP => ",null,null,null,null,{"authorization":""},null,null,null]}
{"level":"info","message":["Request IP => ",null,null,null,null,{"authorization":""},null,null,null]}
{"level":"info","message":["Request IP => ",null,null,null,null,{"authorization":""},null,null,null]}
{"level":"info","message":["Request IP => ",null,null,null,null,{"authorization":""},null,null,null]}
{"level":"info","message":["Request IP => ",null,null,null,null,{"authorization":""},null,null,null]}
{"level":"info","message":["Request IP => ",null,null,null,null,{"authorization":""},null,null,null]}
{"level":"info","message":"Socket initializing [object Object]"}
{"level":"info","message":"Listenign on port 7001"}
{"level":"warn","message":"Fetching settings from database"}
{"level":"info","message":"MT5 server 198.244.201.65 with login 2023 connected"}
{"level":"info","message":"MT5 server 198.244.201.65 with login 2023 connected"}
{"level":"info","message":[" [*] Waiting for messages in %s. To exit press CTRL+C"]}
{"level":"info","message":[" [*] Waiting for messages in %s. To exit press CTRL+C"]}
{"level":"info","message":[" [*] Waiting for messages in %s. To exit press CTRL+C"]}
{"level":"info","message":[" [*] Waiting for messages in %s. To exit press CTRL+C"]}
{"level":"info","message":[" [*] Waiting for messages in %s. To exit press CTRL+C"]}
{"level":"info","message":["newone-open-deals-queue [*] Waiting to push messages in queue"]}
{"level":"info","message":"MySQL Connection has been established successfully."}
{"level":"info","message":["newone-close-deals-queue [*] Waiting to push messages in queue"]}
{"level":"info","message":["marketact-deals-queue [*] Waiting to push messages in queue"]}
{"level":"info","message":"Connected to MongoDB..."}
